[2026-07-09T00:02:22.552Z] Resuming from page 19. Reports so far: 190, files so far: 1019
[2026-07-09T00:02:25.444Z] Checking: 한국부동산원_2026년 종합감사 | 조치사항 14건...
[2026-07-09T00:02:42.674Z] Checking: 주택관리공단_2026년 종합감사 | 조치사항 4건...
[2026-07-09T00:02:45.715Z] Checking: 한국전력공사_2026년 종합감사 | 조치사항 15건...
[2026-07-09T00:03:06.901Z] Checking: 한전KPS_2026년 종합감사 | 조치사항 26건...
[2026-07-09T00:03:42.671Z] Checking: 함안지방공사_2026년 특정감사 | 조치사항 1건...
[2026-07-09T00:03:44.884Z] SAVED: 함안지방공사_2026년 특정감사.pdf (145640B) <- 함안지방공사 | 2026년 특정감사 | 2026-06-17
[2026-07-09T00:03:44.885Z] Checking: 부천도시공사_2026년 특정감사 | 조치사항 1건...
[2026-07-09T00:03:45.537Z] Checking: 국민건강보험공단_2026년 특정감사 | 조치사항 2건...
[2026-07-09T00:03:46.609Z] Checking: 국립인천해양박물관_2026년 복무감사 | 조치사항 2건...
[2026-07-09T00:03:49.110Z] SAVED: 국립인천해양박물관_2026년 복무감사.pdf (47046B) <- 국립인천해양박물관 | 2026년 복무감사 | 2026-06-17
[2026-07-09T00:03:49.110Z] Checking: 강원랜드_2026년 복무감사 | 조치사항 14건...
[2026-07-09T00:03:59.093Z] SAVED: 강원랜드_2026년 복무감사.hwp (65536B) <- 강원랜드 | 2026년 복무감사 | 2026-06-17
[2026-07-09T00:03:59.093Z] Checking: 한국전기안전공사_2026년 종합감사 | 조치사항 116건...
[2026-07-09T00:06:36.344Z] SAVED: 한국전기안전공사_2026년 종합감사.hwpx (46593B) <- 한국전기안전공사 | 2026년 종합감사 | 2026-06-17
[2026-07-09T00:06:37.669Z] SAVED: 한국전기안전공사_2026년 종합감사(2).hwpx (50477B) <- 한국전기안전공사 | 2026년 종합감사 | 2026-06-17
[2026-07-09T00:06:38.839Z] SAVED: 한국전기안전공사_2026년 종합감사(3).hwpx (48498B) <- 한국전기안전공사 | 2026년 종합감사 | 2026-06-17
[2026-07-09T00:06:40.030Z] SAVED: 한국전기안전공사_2026년 종합감사(4).hwpx (48010B) <- 한국전기안전공사 | 2026년 종합감사 | 2026-06-17
[2026-07-09T00:06:46.555Z] SAVED: 한국전기안전공사_2026년 종합감사(5).hwpx (52368B) <- 한국전기안전공사 | 2026년 종합감사 | 2026-06-17
[2026-07-09T00:06:53.118Z] SAVED: 한국전기안전공사_2026년 종합감사(6).hwpx (47386B) <- 한국전기안전공사 | 2026년 종합감사 | 2026-06-17
[2026-07-09T00:06:53.785Z] SAVED: 한국전기안전공사_2026년 종합감사(7).hwpx (47930B) <- 한국전기안전공사 | 2026년 종합감사 | 2026-06-17
[2026-07-09T00:06:55.724Z] SAVED: 한국전기안전공사_2026년 종합감사(8).hwpx (256493B) <- 한국전기안전공사 | 2026년 종합감사 | 2026-06-17
[2026-07-09T00:06:57.278Z] SAVED: 한국전기안전공사_2026년 종합감사(9).hwpx (48468B) <- 한국전기안전공사 | 2026년 종합감사 | 2026-06-17
[2026-07-09T00:06:58.275Z] SAVED: 한국전기안전공사_2026년 종합감사(10).hwpx (46351B) <- 한국전기안전공사 | 2026년 종합감사 | 2026-06-17
[2026-07-09T00:06:59.471Z] SAVED: 한국전기안전공사_2026년 종합감사(11).hwpx (44848B) <- 한국전기안전공사 | 2026년 종합감사 | 2026-06-17
[2026-07-09T00:07:00.897Z] SAVED: 한국전기안전공사_2026년 종합감사(12).hwpx (42053B) <- 한국전기안전공사 | 2026년 종합감사 | 2026-06-17
[2026-07-09T00:07:01.837Z] SAVED: 한국전기안전공사_2026년 종합감사(13).hwpx (49115B) <- 한국전기안전공사 | 2026년 종합감사 | 2026-06-17
[2026-07-09T00:07:02.533Z] SAVED: 한국전기안전공사_2026년 종합감사(14).hwpx (46555B) <- 한국전기안전공사 | 2026년 종합감사 | 2026-06-17
[2026-07-09T00:07:10.346Z] SAVED: 한국전기안전공사_2026년 종합감사(15).hwpx (48688B) <- 한국전기안전공사 | 2026년 종합감사 | 2026-06-17
[2026-07-09T00:07:11.036Z] SAVED: 한국전기안전공사_2026년 종합감사(16).hwpx (43940B) <- 한국전기안전공사 | 2026년 종합감사 | 2026-06-17
[2026-07-09T00:07:12.450Z] SAVED: 한국전기안전공사_2026년 종합감사(17).hwpx (49619B) <- 한국전기안전공사 | 2026년 종합감사 | 2026-06-17
[2026-07-09T00:07:14.941Z] SAVED: 한국전기안전공사_2026년 종합감사(18).hwpx (44887B) <- 한국전기안전공사 | 2026년 종합감사 | 2026-06-17
[2026-07-09T00:07:16.139Z] SAVED: 한국전기안전공사_2026년 종합감사(19).hwpx (49266B) <- 한국전기안전공사 | 2026년 종합감사 | 2026-06-17
[2026-07-09T00:07:17.301Z] SAVED: 한국전기안전공사_2026년 종합감사(20).hwpx (49211B) <- 한국전기안전공사 | 2026년 종합감사 | 2026-06-17
[2026-07-09T00:07:19.021Z] SAVED: 한국전기안전공사_2026년 종합감사(21).hwpx (46295B) <- 한국전기안전공사 | 2026년 종합감사 | 2026-06-17
[2026-07-09T00:07:20.768Z] SAVED: 한국전기안전공사_2026년 종합감사(22).hwpx (46952B) <- 한국전기안전공사 | 2026년 종합감사 | 2026-06-17
[2026-07-09T00:07:21.664Z] SAVED: 한국전기안전공사_2026년 종합감사(23).hwpx (49943B) <- 한국전기안전공사 | 2026년 종합감사 | 2026-06-17
[2026-07-09T00:07:22.547Z] SAVED: 한국전기안전공사_2026년 종합감사(24).hwpx (48446B) <- 한국전기안전공사 | 2026년 종합감사 | 2026-06-17
[2026-07-09T00:07:23.531Z] SAVED: 한국전기안전공사_2026년 종합감사(25).hwpx (48325B) <- 한국전기안전공사 | 2026년 종합감사 | 2026-06-17
[2026-07-09T00:07:24.503Z] SAVED: 한국전기안전공사_2026년 종합감사(26).hwpx (47697B) <- 한국전기안전공사 | 2026년 종합감사 | 2026-06-17
[2026-07-09T00:07:26.402Z] SAVED: 한국전기안전공사_2026년 종합감사(27).hwpx (260338B) <- 한국전기안전공사 | 2026년 종합감사 | 2026-06-17
[2026-07-09T00:07:28.526Z] SAVED: 한국전기안전공사_2026년 종합감사(28).hwpx (46850B) <- 한국전기안전공사 | 2026년 종합감사 | 2026-06-17
[2026-07-09T00:07:29.690Z] SAVED: 한국전기안전공사_2026년 종합감사(29).hwpx (46621B) <- 한국전기안전공사 | 2026년 종합감사 | 2026-06-17
[2026-07-09T00:07:31.661Z] SAVED: 한국전기안전공사_2026년 종합감사(30).hwpx (259054B) <- 한국전기안전공사 | 2026년 종합감사 | 2026-06-17
[2026-07-09T00:07:33.155Z] SAVED: 한국전기안전공사_2026년 종합감사(31).hwpx (259122B) <- 한국전기안전공사 | 2026년 종합감사 | 2026-06-17
[2026-07-09T00:07:34.055Z] SAVED: 한국전기안전공사_2026년 종합감사(32).hwpx (50850B) <- 한국전기안전공사 | 2026년 종합감사 | 2026-06-17
[2026-07-09T00:07:34.959Z] SAVED: 한국전기안전공사_2026년 종합감사(33).hwpx (44301B) <- 한국전기안전공사 | 2026년 종합감사 | 2026-06-17
[2026-07-09T00:07:37.214Z] SAVED: 한국전기안전공사_2026년 종합감사(34).hwpx (200208B) <- 한국전기안전공사 | 2026년 종합감사 | 2026-06-17
[2026-07-09T00:07:38.172Z] SAVED: 한국전기안전공사_2026년 종합감사(35).hwpx (46160B) <- 한국전기안전공사 | 2026년 종합감사 | 2026-06-17
[2026-07-09T00:07:39.162Z] SAVED: 한국전기안전공사_2026년 종합감사(36).hwpx (42662B) <- 한국전기안전공사 | 2026년 종합감사 | 2026-06-17
[2026-07-09T00:07:40.153Z] SAVED: 한국전기안전공사_2026년 종합감사(37).hwpx (42457B) <- 한국전기안전공사 | 2026년 종합감사 | 2026-06-17
[2026-07-09T00:07:41.136Z] SAVED: 한국전기안전공사_2026년 종합감사(38).hwpx (41872B) <- 한국전기안전공사 | 2026년 종합감사 | 2026-06-17
[2026-07-09T00:07:42.423Z] SAVED: 한국전기안전공사_2026년 종합감사(39).hwpx (132477B) <- 한국전기안전공사 | 2026년 종합감사 | 2026-06-17
[2026-07-09T00:07:43.498Z] SAVED: 한국전기안전공사_2026년 종합감사(40).hwpx (45247B) <- 한국전기안전공사 | 2026년 종합감사 | 2026-06-17
[2026-07-09T00:07:44.466Z] SAVED: 한국전기안전공사_2026년 종합감사(41).hwpx (49585B) <- 한국전기안전공사 | 2026년 종합감사 | 2026-06-17
[2026-07-09T00:07:46.189Z] SAVED: 한국전기안전공사_2026년 종합감사(42).hwpx (52939B) <- 한국전기안전공사 | 2026년 종합감사 | 2026-06-17
[2026-07-09T00:07:49.729Z] SAVED: 한국전기안전공사_2026년 종합감사(43).hwpx (192612B) <- 한국전기안전공사 | 2026년 종합감사 | 2026-06-17
[2026-07-09T00:07:51.116Z] SAVED: 한국전기안전공사_2026년 종합감사(44).hwpx (52554B) <- 한국전기안전공사 | 2026년 종합감사 | 2026-06-17
[2026-07-09T00:07:54.034Z] SAVED: 한국전기안전공사_2026년 종합감사(45).hwpx (1149411B) <- 한국전기안전공사 | 2026년 종합감사 | 2026-06-17
[2026-07-09T00:07:54.721Z] SAVED: 한국전기안전공사_2026년 종합감사(46).hwpx (51279B) <- 한국전기안전공사 | 2026년 종합감사 | 2026-06-17
[2026-07-09T00:07:55.705Z] SAVED: 한국전기안전공사_2026년 종합감사(47).hwpx (56535B) <- 한국전기안전공사 | 2026년 종합감사 | 2026-06-17
[2026-07-09T00:07:57.898Z] SAVED: 한국전기안전공사_2026년 종합감사(48).hwpx (590766B) <- 한국전기안전공사 | 2026년 종합감사 | 2026-06-17
[2026-07-09T00:08:08.000Z] SAVED: 한국전기안전공사_2026년 종합감사(49).hwpx (1621965B) <- 한국전기안전공사 | 2026년 종합감사 | 2026-06-17
[2026-07-09T00:08:09.587Z] SAVED: 한국전기안전공사_2026년 종합감사(50).hwpx (48533B) <- 한국전기안전공사 | 2026년 종합감사 | 2026-06-17
[2026-07-09T00:08:10.810Z] SAVED: 한국전기안전공사_2026년 종합감사(51).hwpx (47339B) <- 한국전기안전공사 | 2026년 종합감사 | 2026-06-17
[2026-07-09T00:08:12.031Z] SAVED: 한국전기안전공사_2026년 종합감사(52).hwpx (42293B) <- 한국전기안전공사 | 2026년 종합감사 | 2026-06-17
[2026-07-09T00:08:12.978Z] SAVED: 한국전기안전공사_2026년 종합감사(53).hwpx (41390B) <- 한국전기안전공사 | 2026년 종합감사 | 2026-06-17
[2026-07-09T00:08:13.933Z] SAVED: 한국전기안전공사_2026년 종합감사(54).hwpx (44259B) <- 한국전기안전공사 | 2026년 종합감사 | 2026-06-17
[2026-07-09T00:08:14.944Z] SAVED: 한국전기안전공사_2026년 종합감사(55).hwpx (41334B) <- 한국전기안전공사 | 2026년 종합감사 | 2026-06-17
[2026-07-09T00:08:21.394Z] SAVED: 한국전기안전공사_2026년 종합감사(56).hwpx (44319B) <- 한국전기안전공사 | 2026년 종합감사 | 2026-06-17
[2026-07-09T00:08:21.986Z] SAVED: 한국전기안전공사_2026년 종합감사(57).hwpx (44102B) <- 한국전기안전공사 | 2026년 종합감사 | 2026-06-17
[2026-07-09T00:08:22.953Z] SAVED: 한국전기안전공사_2026년 종합감사(58).hwpx (43914B) <- 한국전기안전공사 | 2026년 종합감사 | 2026-06-17
[2026-07-09T00:08:23.862Z] SAVED: 한국전기안전공사_2026년 종합감사(59).hwpx (42045B) <- 한국전기안전공사 | 2026년 종합감사 | 2026-06-17
[2026-07-09T00:08:24.726Z] SAVED: 한국전기안전공사_2026년 종합감사(60).hwpx (41547B) <- 한국전기안전공사 | 2026년 종합감사 | 2026-06-17
[2026-07-09T00:08:25.563Z] SAVED: 한국전기안전공사_2026년 종합감사(61).hwpx (45386B) <- 한국전기안전공사 | 2026년 종합감사 | 2026-06-17
[2026-07-09T00:08:26.252Z] SAVED: 한국전기안전공사_2026년 종합감사(62).hwpx (46600B) <- 한국전기안전공사 | 2026년 종합감사 | 2026-06-17
[2026-07-09T00:08:27.061Z] SAVED: 한국전기안전공사_2026년 종합감사(63).hwpx (44710B) <- 한국전기안전공사 | 2026년 종합감사 | 2026-06-17
[2026-07-09T00:08:28.209Z] SAVED: 한국전기안전공사_2026년 종합감사(64).hwpx (46794B) <- 한국전기안전공사 | 2026년 종합감사 | 2026-06-17
[2026-07-09T00:08:29.305Z] SAVED: 한국전기안전공사_2026년 종합감사(65).hwpx (47782B) <- 한국전기안전공사 | 2026년 종합감사 | 2026-06-17
[2026-07-09T00:08:30.377Z] SAVED: 한국전기안전공사_2026년 종합감사(66).hwpx (46737B) <- 한국전기안전공사 | 2026년 종합감사 | 2026-06-17
[2026-07-09T00:08:31.287Z] SAVED: 한국전기안전공사_2026년 종합감사(67).hwpx (44177B) <- 한국전기안전공사 | 2026년 종합감사 | 2026-06-17
[2026-07-09T00:08:32.219Z] SAVED: 한국전기안전공사_2026년 종합감사(68).hwpx (42294B) <- 한국전기안전공사 | 2026년 종합감사 | 2026-06-17
[2026-07-09T00:08:33.123Z] SAVED: 한국전기안전공사_2026년 종합감사(69).hwpx (47410B) <- 한국전기안전공사 | 2026년 종합감사 | 2026-06-17
[2026-07-09T00:08:33.984Z] SAVED: 한국전기안전공사_2026년 종합감사(70).hwpx (43210B) <- 한국전기안전공사 | 2026년 종합감사 | 2026-06-17
[2026-07-09T00:08:34.890Z] SAVED: 한국전기안전공사_2026년 종합감사(71).hwpx (45935B) <- 한국전기안전공사 | 2026년 종합감사 | 2026-06-17
[2026-07-09T00:08:36.107Z] SAVED: 한국전기안전공사_2026년 종합감사(72).hwpx (47514B) <- 한국전기안전공사 | 2026년 종합감사 | 2026-06-17
