[2026-07-13T01:50:29.207Z] Manifest pass resuming from page 0. Reports so far: 0
[2026-07-13T01:50:32.393Z] Loaded instCd lookup: 799 institutions
[2026-07-13T01:50:41.925Z] Meta: 한국마사회_2022년 특정감사 | 조치사항 10 | distinct files +10 (group=10)
[2026-07-13T01:50:42.728Z] Meta: 한국항공우주연구원_2023년 복무감사 | 조치사항 1 | distinct files +1 (group=1)
[2026-07-13T01:50:43.508Z] Meta: 서울특별시농수산식품공사_2022년 특정감사 | 조치사항 1 | distinct files +1 (group=1)
[2026-07-13T01:50:44.042Z] Meta: 한국과학창의재단_2023년 특정감사 | 조치사항 1 | distinct files +1 (group=1)
[2026-07-13T01:50:44.553Z] Meta: 서울교통공사_2023년 복무감사 | 조치사항 2 | distinct files +1 (group=1)
[2026-07-13T01:50:47.735Z] Meta: 아산시시설관리공단_2023년 특정감사 | 조치사항 4 | distinct files +2 (group=2)
[2026-07-13T01:50:53.793Z] Meta: 한국남동발전_2022년 복무감사 | 조치사항 1 | distinct files +1 (group=1)
[2026-07-13T01:50:56.139Z] Meta: 한국원자력환경공단_2023년 종합감사 | 조치사항 9 | distinct files +9 (group=9)
[2026-07-13T01:50:57.030Z] Meta: 강원랜드_2023년 특정감사 | 조치사항 1 | distinct files +1 (group=1)
[2026-07-13T01:51:20.967Z] Meta: 강원랜드_2023년 특정감사 | 조치사항 7 | distinct files +1 (group=2)
[2026-07-13T01:51:27.288Z] Meta: 강원랜드_2023년 특정감사 | 조치사항 1 | distinct files +1 (group=3)
[2026-07-13T01:51:35.979Z] Meta: 한국국제협력단_2023년 종합감사 | 조치사항 43 | distinct files +42 (group=42)
[2026-07-13T01:51:36.927Z] Meta: 식품안전정보원_2023년 특정감사 | 조치사항 1 | distinct files +1 (group=1)
[2026-07-13T01:51:42.922Z] Meta: 한전KPS_2023년 특정감사 | 조치사항 8 | distinct files +5 (group=5)
[2026-07-13T01:51:43.200Z] Meta: 한국건강증진개발원_2023년 특정감사 | 조치사항 1 | distinct files +1 (group=1)
[2026-07-13T01:51:43.809Z] Meta: 한전KPS_2023년 특정감사 | 조치사항 1 | distinct files +1 (group=6)
[2026-07-13T01:51:49.578Z] Meta: 대한체육회_2023년 종합감사 | 조치사항 4 | distinct files +1 (group=1)
[2026-07-13T01:51:55.337Z] Meta: 대한체육회_2023년 종합감사 | 조치사항 3 | distinct files +1 (group=2)
[2026-07-13T01:51:56.454Z] Meta: 강원랜드_2023년 특정감사 | 조치사항 8 | distinct files +1 (group=4)
[2026-07-13T01:51:57.094Z] Meta: 대한체육회_2023년 종합감사 | 조치사항 3 | distinct files +1 (group=3)
[2026-07-13T01:51:57.709Z] Meta: 대한체육회_2023년 종합감사 | 조치사항 3 | distinct files +1 (group=4)
[2026-07-13T01:51:58.448Z] Meta: 강원랜드_2023년 복무감사 | 조치사항 4 | distinct files +1 (group=1)
[2026-07-13T01:52:04.553Z] Meta: 국립생태원_2023년 복무감사 | 조치사항 7 | distinct files +1 (group=1)
[2026-07-13T01:52:08.436Z] Meta: 한전KDN_2023년 특정감사 | 조치사항 6 | distinct files +6 (group=6)
[2026-07-13T01:52:09.590Z] Meta: 한국농업기술진흥원_2023년 특정감사 | 조치사항 5 | distinct files +5 (group=5)
[2026-07-13T01:52:10.845Z] Meta: 한국농업기술진흥원_2023년 복무감사 | 조치사항 5 | distinct files +4 (group=4)
[2026-07-13T01:52:11.421Z] Meta: 한국의약품안전관리원_2022년 복무감사 | 조치사항 1 | distinct files +1 (group=1)
[2026-07-13T01:52:12.071Z] Meta: 한국의약품안전관리원_2022년 복무감사 | 조치사항 2 | distinct files +1 (group=2)
[2026-07-13T01:52:12.655Z] Meta: 한국체육산업개발_2023년 특정감사 | 조치사항 1 | distinct files +1 (group=1)
[2026-07-13T01:52:13.759Z] Meta: 한국체육산업개발_2023년 성과감사 | 조치사항 9 | distinct files +1 (group=1)
[2026-07-13T01:52:14.496Z] Meta: 한국체육산업개발_2023년 특정감사 | 조치사항 1 | distinct files +1 (group=2)
[2026-07-13T01:52:15.124Z] Meta: 한국체육산업개발_2023년 특정감사 | 조치사항 1 | distinct files +1 (group=3)
[2026-07-13T01:52:15.703Z] Meta: 한국체육산업개발_2023년 특정감사 | 조치사항 1 | distinct files +1 (group=4)
[2026-07-13T01:52:21.685Z] Meta: 한국체육산업개발_2023년 특정감사 | 조치사항 1 | distinct files +1 (group=5)
[2026-07-13T01:52:27.649Z] Meta: 한국체육산업개발_2023년 복무감사 | 조치사항 1 | distinct files +1 (group=1)
[2026-07-13T01:52:27.946Z] Meta: 한국체육산업개발_2023년 복무감사 | 조치사항 1 | distinct files +1 (group=2)
[2026-07-13T01:52:28.903Z] Meta: 건설근로자공제회_2023년 특정감사 | 조치사항 3 | distinct files +1 (group=1)
[2026-07-13T01:52:30.010Z] Meta: 한국체육산업개발_2023년 복무감사 | 조치사항 1 | distinct files +1 (group=3)
[2026-07-13T01:52:36.089Z] Meta: 한국세라믹기술원_2023년 종합감사 | 조치사항 6 | distinct files +1 (group=1)
[2026-07-13T01:52:36.829Z] Meta: 신용보증기금_2023년 복무감사 | 조치사항 2 | distinct files +1 (group=1)
[2026-07-13T01:52:37.114Z] Meta: 한국체육산업개발_2023년 특정감사 | 조치사항 1 | distinct files +1 (group=6)
[2026-07-13T01:52:37.542Z] Meta: 한국체육산업개발_2023년 특정감사 | 조치사항 1 | distinct files +1 (group=7)
[2026-07-13T01:52:38.132Z] Meta: 한국개발연구원_2023년 특정감사 | 조치사항 2 | distinct files +2 (group=2)
[2026-07-13T01:52:44.209Z] Meta: 중소기업은행_2023년 특정감사 | 조치사항 3 | distinct files +3 (group=3)
[2026-07-13T01:52:50.687Z] Meta: 한국사회적기업진흥원_2023년 종합감사 | 조치사항 10 | distinct files +1 (group=1)
[2026-07-13T01:52:50.983Z] Meta: 한국원자력환경공단_2023년 복무감사 | 조치사항 1 | distinct files +1 (group=1)
[2026-07-13T01:52:52.084Z] Meta: 한국수력원자력_2023년 특정감사 | 조치사항 7 | distinct files +1 (group=1)
[2026-07-13T01:52:58.714Z] Meta: 한국철도공사_2023년 종합감사 | 조치사항 29 | distinct files +9 (group=9)
[2026-07-13T01:53:04.456Z] Meta: 우체국물류지원단_2023년 복무감사 | 조치사항 1 | distinct files +1 (group=1)
